line profiling: sample.interval=20000
#File 1: 
"prettyNum" "format.default" "format" "as.matrix.data.table" "as.matrix" "rowMeans" 1#1 "FUN" "lapply" "sapply" "replicate" 
"prettyNum" "format.default" "format" "as.matrix.data.table" "as.matrix" "rowMeans" 1#1 "FUN" "lapply" "sapply" "replicate" 
"prettyNum" "format.default" "format" "as.matrix.data.table" "as.matrix" "rowMeans" 1#1 "FUN" "lapply" "sapply" "replicate" 
"prettyNum" "format.default" "format" "as.matrix.data.table" "as.matrix" "rowMeans" 1#1 "FUN" "lapply" "sapply" "replicate" 
"prettyNum" "format.default" "format" "as.matrix.data.table" "as.matrix" "rowMeans" 1#1 "FUN" "lapply" "sapply" "replicate" 
"prettyNum" "format.default" "format" "as.matrix.data.table" "as.matrix" "rowMeans" 1#1 "FUN" "lapply" "sapply" "replicate" 
"prettyNum" "format.default" "format" "as.matrix.data.table" "as.matrix" "rowMeans" 1#1 "FUN" "lapply" "sapply" "replicate" 
"prettyNum" "format.default" "format" "as.matrix.data.table" "as.matrix" "rowMeans" 1#1 "FUN" "lapply" "sapply" "replicate" 
"prettyNum" "format.default" "format" "as.matrix.data.table" "as.matrix" "rowMeans" 1#1 "FUN" "lapply" "sapply" "replicate" 
"prettyNum" "format.default" "format" "as.matrix.data.table" "as.matrix" "rowMeans" 1#1 "FUN" "lapply" "sapply" "replicate" 
"prettyNum" "format.default" "format" "as.matrix.data.table" "as.matrix" "rowMeans" 1#1 "FUN" "lapply" "sapply" "replicate" 
"prettyNum" "format.default" "format" "as.matrix.data.table" "as.matrix" "rowMeans" 1#1 "FUN" "lapply" "sapply" "replicate" 
"is.na<-.default" "is.na<-" "as.matrix.data.table" "as.matrix" "rowMeans" 1#1 "FUN" "lapply" "sapply" "replicate" 
"prettyNum" "format.default" "format" "as.matrix.data.table" "as.matrix" "rowMeans" 1#1 "FUN" "lapply" "sapply" "replicate" 
"prettyNum" "format.default" "format" "as.matrix.data.table" "as.matrix" "rowMeans" 1#1 "FUN" "lapply" "sapply" "replicate" 
"prettyNum" "format.default" "format" "as.matrix.data.table" "as.matrix" "rowMeans" 1#1 "FUN" "lapply" "sapply" "replicate" 
"prettyNum" "format.default" "format" "as.matrix.data.table" "as.matrix" "rowMeans" 1#1 "FUN" "lapply" "sapply" "replicate" 
"pmatch" ".deparseOpts" "deparse" "eval" "match.arg" "format.default" "format" "as.matrix.data.table" "as.matrix" "rowMeans" 1#1 "FUN" "lapply" "sapply" "replicate" 
"prettyNum" "format.default" "format" "as.matrix.data.table" "as.matrix" "rowMeans" 1#1 "FUN" "lapply" "sapply" "replicate" 
"prettyNum" "format.default" "format" "as.matrix.data.table" "as.matrix" "rowMeans" 1#1 "FUN" "lapply" "sapply" "replicate" 
"prettyNum" "format.default" "format" "as.matrix.data.table" "as.matrix" "rowMeans" 1#1 "FUN" "lapply" "sapply" "replicate" 
"prettyNum" "format.default" "format" "as.matrix.data.table" "as.matrix" "rowMeans" 1#1 "FUN" "lapply" "sapply" "replicate" 
"prettyNum" "format.default" "format" "as.matrix.data.table" "as.matrix" "rowMeans" 1#1 "FUN" "lapply" "sapply" "replicate" 
"prettyNum" "format.default" "format" "as.matrix.data.table" "as.matrix" "rowMeans" 1#1 "FUN" "lapply" "sapply" "replicate" 
"prettyNum" "format.default" "format" "as.matrix.data.table" "as.matrix" "rowMeans" 1#1 "FUN" "lapply" "sapply" "replicate" 
"prettyNum" "format.default" "format" "as.matrix.data.table" "as.matrix" "rowMeans" 1#1 "FUN" "lapply" "sapply" "replicate" 
"as.matrix.data.table" "as.matrix" "rowMeans" 1#1 "FUN" "lapply" "sapply" "replicate" 
"prettyNum" "format.default" "format" "as.matrix.data.table" "as.matrix" "rowMeans" 1#1 "FUN" "lapply" "sapply" "replicate" 
"as.matrix.data.table" "as.matrix" "rowMeans" 1#1 "FUN" "lapply" "sapply" "replicate" 
"is.na<-.default" "is.na<-" "as.matrix.data.table" "as.matrix" "rowMeans" 1#1 "FUN" "lapply" "sapply" "replicate" 
"is.na<-.default" "is.na<-" "as.matrix.data.table" "as.matrix" "rowMeans" 1#1 "FUN" "lapply" "sapply" "replicate" 
"prettyNum" "format.default" "format" "as.matrix.data.table" "as.matrix" "rowMeans" 1#1 "FUN" "lapply" "sapply" "replicate" 
"rowMeans" 1#1 "FUN" "lapply" "sapply" "replicate" 
