line profiling: sample.interval=20000
"split.default" "split" "lapply" "sapply" "FUN" "lapply" "sapply" "replicate" 
"match" "as.factor" "split.default" "split" "lapply" "sapply" "FUN" "lapply" "sapply" "replicate" 
"split.default" "split" "lapply" "sapply" "FUN" "lapply" "sapply" "replicate" 
"unique.default" "sort" "as.factor" "split.default" "split" "lapply" "sapply" "FUN" "lapply" "sapply" "replicate" 
"split.default" "split" "lapply" "sapply" "FUN" "lapply" "sapply" "replicate" 
"unique.default" "sort" "as.factor" "split.default" "split" "lapply" "sapply" "FUN" "lapply" "sapply" "replicate" 
"unique.default" "sort" "as.factor" "split.default" "split" "lapply" "sapply" "FUN" "lapply" "sapply" "replicate" 
"split.default" "split" "lapply" "sapply" "FUN" "lapply" "sapply" "replicate" 
"match" "as.factor" "split.default" "split" "lapply" "sapply" "FUN" "lapply" "sapply" "replicate" 
"unique.default" "sort" "as.factor" "split.default" "split" "lapply" "sapply" "FUN" "lapply" "sapply" "replicate" 
"split.default" "split" "lapply" "sapply" "FUN" "lapply" "sapply" "replicate" 
"unique.default" "sort" "as.factor" "split.default" "split" "lapply" "sapply" "FUN" "lapply" "sapply" "replicate" 
"split.default" "split" "lapply" "sapply" "FUN" "lapply" "sapply" "replicate" 
"split.default" "split" "lapply" "sapply" "FUN" "lapply" "sapply" "replicate" 
"is.expression" "mode" "match" "%in%" "deparse" "eval" "match.arg" "sort.int" "sort.default" "sort" "as.factor" "split.default" "split" "lapply" "sapply" "FUN" "lapply" "sapply" "replicate" 
"match" "as.factor" "split.default" "split" "lapply" "sapply" "FUN" "lapply" "sapply" "replicate" 
"unique" "simplify2array" "sapply" "FUN" "lapply" "sapply" "replicate" 
"match" "as.factor" "split.default" "split" "lapply" "sapply" "FUN" "lapply" "sapply" "replicate" 
"split" "lapply" "sapply" "FUN" "lapply" "sapply" "replicate" 
"split.default" "split" "lapply" "sapply" "FUN" "lapply" "sapply" "replicate" 
"sapply" "FUN" "lapply" "sapply" "replicate" 
"match" "as.factor" "split.default" "split" "lapply" "sapply" "FUN" "lapply" "sapply" "replicate" 
"match" "as.factor" "split.default" "split" "lapply" "sapply" "FUN" "lapply" "sapply" "replicate" 
"unique" "simplify2array" "sapply" "FUN" "lapply" "sapply" "replicate" 
"split.default" "split" "lapply" "sapply" "FUN" "lapply" "sapply" "replicate" 
"split.default" "split" "lapply" "sapply" "FUN" "lapply" "sapply" "replicate" 
"split.default" "split" "lapply" "sapply" "FUN" "lapply" "sapply" "replicate" 
"split.default" "split" "lapply" "sapply" "FUN" "lapply" "sapply" "replicate" 
