line profiling: sample.interval=20000
"split" "lapply" "tapply" "FUN" "lapply" "sapply" "replicate" 
"split.default" "split" "lapply" "tapply" "FUN" "lapply" "sapply" "replicate" 
"match" "as.factor" "tapply" "FUN" "lapply" "sapply" "replicate" 
"unique.default" "sort" "as.factor" "tapply" "FUN" "lapply" "sapply" "replicate" 
"unique.default" "sort" "as.factor" "tapply" "FUN" "lapply" "sapply" "replicate" 
"unique.default" "sort" "as.factor" "split.default" "split" "lapply" "tapply" "FUN" "lapply" "sapply" "replicate" 
"split.default" "split" "lapply" "tapply" "FUN" "lapply" "sapply" "replicate" 
"unique.default" "sort" "as.factor" "tapply" "FUN" "lapply" "sapply" "replicate" 
"match" "as.factor" "tapply" "FUN" "lapply" "sapply" "replicate" 
"split.default" "split" "lapply" "tapply" "FUN" "lapply" "sapply" "replicate" 
"match" "as.factor" "tapply" "FUN" "lapply" "sapply" "replicate" 
"match" "as.factor" "split.default" "split" "lapply" "tapply" "FUN" "lapply" "sapply" "replicate" 
"split.default" "split" "lapply" "tapply" "FUN" "lapply" "sapply" "replicate" 
"match" "as.factor" "split.default" "split" "lapply" "tapply" "FUN" "lapply" "sapply" "replicate" 
"unique.default" "sort" "as.factor" "split.default" "split" "lapply" "tapply" "FUN" "lapply" "sapply" "replicate" 
"unique.default" "sort" "as.factor" "tapply" "FUN" "lapply" "sapply" "replicate" 
"unique.default" "sort" "as.factor" "tapply" "FUN" "lapply" "sapply" "replicate" 
"tapply" "FUN" "lapply" "sapply" "replicate" 
"tapply" "FUN" "lapply" "sapply" "replicate" 
"match" "as.factor" "split.default" "split" "lapply" "tapply" "FUN" "lapply" "sapply" "replicate" 
"unique.default" "sort" "as.factor" "split.default" "split" "lapply" "tapply" "FUN" "lapply" "sapply" "replicate" 
"deparse" "eval" "match.arg" "sort.int" "sort.default" "sort" "as.factor" "tapply" "FUN" "lapply" "sapply" "replicate" 
"unique.default" "sort" "as.factor" "split.default" "split" "lapply" "tapply" "FUN" "lapply" "sapply" "replicate" 
"unique.default" "sort" "as.factor" "split.default" "split" "lapply" "tapply" "FUN" "lapply" "sapply" "replicate" 
"match" "as.factor" "tapply" "FUN" "lapply" "sapply" "replicate" 
"unique.default" "sort" "as.factor" "split.default" "split" "lapply" "tapply" "FUN" "lapply" "sapply" "replicate" 
"split.default" "split" "lapply" "tapply" "FUN" "lapply" "sapply" "replicate" 
"match" "as.factor" "tapply" "FUN" "lapply" "sapply" "replicate" 
"unique.default" "sort" "as.factor" "tapply" "FUN" "lapply" "sapply" "replicate" 
"split.default" "split" "lapply" "tapply" "FUN" "lapply" "sapply" "replicate" 
"tapply" "FUN" "lapply" "sapply" "replicate" 
"match" "as.factor" "split.default" "split" "lapply" "tapply" "FUN" "lapply" "sapply" "replicate" 
"split.default" "split" "lapply" "tapply" "FUN" "lapply" "sapply" "replicate" 
"split.default" "split" "lapply" "tapply" "FUN" "lapply" "sapply" "replicate" 
"match" "as.factor" "split.default" "split" "lapply" "tapply" "FUN" "lapply" "sapply" "replicate" 
"unique.default" "sort" "as.factor" "tapply" "FUN" "lapply" "sapply" "replicate" 
"split.default" "split" "lapply" "tapply" "FUN" "lapply" "sapply" "replicate" 
"$" "tapply" "FUN" "lapply" "sapply" "replicate" 
"tapply" "FUN" "lapply" "sapply" "replicate" 
"tapply" "FUN" "lapply" "sapply" "replicate" 
"match" "as.factor" "split.default" "split" "lapply" "tapply" "FUN" "lapply" "sapply" "replicate" 
"lapply" "unlist" "tapply" "FUN" "lapply" "sapply" "replicate" 
"match" "as.factor" "split.default" "split" "lapply" "tapply" "FUN" "lapply" "sapply" "replicate" 
"split.default" "split" "lapply" "tapply" "FUN" "lapply" "sapply" "replicate" 
"deparse" "eval" "match.arg" "sort.int" "sort.default" "sort" "as.factor" "tapply" "FUN" "lapply" "sapply" "replicate" 
"split.default" "split" "lapply" "tapply" "FUN" "lapply" "sapply" "replicate" 
"split.default" "split" "lapply" "tapply" "FUN" "lapply" "sapply" "replicate" 
"split.default" "split" "lapply" "tapply" "FUN" "lapply" "sapply" "replicate" 
