line profiling: sample.interval=20000
"length" "length" "dim.data.table" "dim" "dim" "nrow" "[.data.table" "[" "FUN" "lapply" "sapply" "replicate" 
"setattr" "[.data.table" "[" "FUN" "lapply" "sapply" "replicate" 
"eval" "alloc.col" "[.data.table" "[" "FUN" "lapply" "sapply" "replicate" 
"all" "[.data.table" "[" "[.data.table" "[" "FUN" "lapply" "sapply" "replicate" 
"names" "names" "chmatch" "[.data.table" "[" "[.data.table" "[" "FUN" "lapply" "sapply" "replicate" 
"anyNA" ".deparseOpts" "deparse" "mode" "match" "%in%" "deconstruct_and_eval" "construct" "[.data.table" "[" "FUN" "lapply" "sapply" "replicate" 
".set_row_names" "setattr" "[.data.table" "[" "[.data.table" "[" "FUN" "lapply" "sapply" "replicate" 
"any" ".deparseOpts" "deparse" "mode" "[.data.table" "[" "FUN" "lapply" "sapply" "replicate" 
"getOption" "[.data.table" "[" "[.data.table" "[" "FUN" "lapply" "sapply" "replicate" 
"eval" "eval" "alloc.col" "[.data.table" "[" "[.data.table" "[" "FUN" "lapply" "sapply" "replicate" 
"lapply" "deconstruct_and_eval" "construct" "[.data.table" "[" "FUN" "lapply" "sapply" "replicate" 
".Call" "forder" "[.data.table" "[" "FUN" "lapply" "sapply" "replicate" 
"unique.default" "unique" "intersect" "as.vector" "setdiff" "[.data.table" "[" "FUN" "lapply" "sapply" "replicate" 
"[[" "setattr" "alloc.col" "[.data.table" "[" "FUN" "lapply" "sapply" "replicate" 
"all" "[[.data.frame" "[[" "[.data.table" "[" "[.data.table" "[" "FUN" "lapply" "sapply" "replicate" 
"match" "%in%" "[[.data.frame" "[[" "dim.data.table" "dim" "dim" "ncol" "eval" "eval" "alloc.col" "[.data.table" "[" "[.data.table" "[" "FUN" "lapply" "sapply" "replicate" 
"[.data.table" "[" "[.data.table" "[" "FUN" "lapply" "sapply" "replicate" 
"%in%" "[[.data.frame" "[[" "setattr" "alloc.col" "[.data.table" "[" "[.data.table" "[" "FUN" "lapply" "sapply" "replicate" 
".Call" "gmean" "eval" "eval" "[.data.table" "[" "FUN" "lapply" "sapply" "replicate" 
"unique.default" "unique" "setdiff" "[.data.table" "[" "FUN" "lapply" "sapply" "replicate" 
"eval" "alloc.col" "[.data.table" "[" "FUN" "lapply" "sapply" "replicate" 
".set_row_names" "setattr" "[.data.table" "[" "FUN" "lapply" "sapply" "replicate" 
"is.data.table" "setattr" "[.data.table" "[" "FUN" "lapply" "sapply" "replicate" 
"getOption" "alloc.col" "[.data.table" "[" "FUN" "lapply" "sapply" "replicate" 
"length" "length" "dim.data.table" "dim" "dim" "nrow" "[.data.table" "[" "FUN" "lapply" "sapply" "replicate" 
"eval" "[.data.table" "[" "[.data.table" "[" "FUN" "lapply" "sapply" "replicate" 
"[.data.table" "[" "FUN" "lapply" "sapply" "replicate" 
"[.data.table" "[" "[.data.table" "[" "FUN" "lapply" "sapply" "replicate" 
"dim.data.table" "dim" "dim" "nrow" "[.data.table" "[" "FUN" "lapply" "sapply" "replicate" 
"[.data.table" "[" "[.data.table" "[" "FUN" "lapply" "sapply" "replicate" 
"names" "chmatch" "[.data.table" "[" "FUN" "lapply" "sapply" "replicate" 
"lapply" "deconstruct_and_eval" "construct" "[.data.table" "[" "FUN" "lapply" "sapply" "replicate" 
"mode" "[.data.table" "[" "FUN" "lapply" "sapply" "replicate" 
"[[.data.frame" "[[" "dim.data.table" "dim" "dim" "nrow" ".set_row_names" "setattr" "[.data.table" "[" "[.data.table" "[" "FUN" "lapply" "sapply" "replicate" 
".Call" "chmatch" "[.data.table" "[" "[.data.table" "[" "FUN" "lapply" "sapply" "replicate" 
"length" "length" "dim.data.table" "dim" "dim" "ncol" "eval" "eval" "alloc.col" "[.data.table" "[" "FUN" "lapply" "sapply" "replicate" 
"assign" "alloc.col" "[.data.table" "[" "FUN" "lapply" "sapply" "replicate" 
"as.name" "[.data.table" "[" "FUN" "lapply" "sapply" "replicate" 
"eval" "[.data.table" "[" "FUN" "lapply" "sapply" "replicate" 
"[" "[.data.table" "[" "FUN" "lapply" "sapply" "replicate" 
"pmatch" ".deparseOpts" "deparse" "mode" "match" "%in%" "deconstruct_and_eval" "construct" "[.data.table" "[" "FUN" "lapply" "sapply" "replicate" 
"names" "names" "as.vector" "intersect" "as.vector" "setdiff" "[.data.table" "[" "FUN" "lapply" "sapply" "replicate" 
"sum" ".deparseOpts" "deparse" "mode" "[.data.table" "[" "FUN" "lapply" "sapply" "replicate" 
"any" "[.data.table" "[" "FUN" "lapply" "sapply" "replicate" 
"mode" "[.data.table" "[" "FUN" "lapply" "sapply" "replicate" 
"options" "getOption" "eval" "alloc.col" "[.data.table" "[" "[.data.table" "[" "FUN" "lapply" "sapply" "replicate" 
"[.data.table" "[" "[.data.table" "[" "FUN" "lapply" "sapply" "replicate" 
"[.data.table" "[" "[.data.table" "[" "FUN" "lapply" "sapply" "replicate" 
"setNames" "construct" "[.data.table" "[" "FUN" "lapply" "sapply" "replicate" 
"as.double" "[.data.table" "[" "[.data.table" "[" "FUN" "lapply" "sapply" "replicate" 
